<testsuites id="" name="" tests="77" failures="0" skipped="77" errors="0" time="0.02065699999999998">
<testsuite name="streaming/video-creator-flow.spec.ts" timestamp="2025-09-30T10:12:32.532Z" hostname="chromium" tests="11" failures="0" skipped="11" time="0" errors="0">
<testcase name="Video Creator Stream Workflow › Complete video creator instant stream flow" classname="streaming/video-creator-flow.spec.ts" time="0">
<skipped>
</skipped>
</testcase>
<testcase name="Video Creator Stream Workflow › Stream status transitions correctly" classname="streaming/video-creator-flow.spec.ts" time="0">
<skipped>
</skipped>
</testcase>
<testcase name="Video Creator Stream Workflow › Reactions appear within 500ms of sending" classname="streaming/video-creator-flow.spec.ts" time="0">
<skipped>
</skipped>
</testcase>
<testcase name="Video Creator Stream Workflow › Analytics calculation is accurate" classname="streaming/video-creator-flow.spec.ts" time="0">
<skipped>
</skipped>
</testcase>
<testcase name="Video Creator Stream Workflow › Recording expires after 30 days" classname="streaming/video-creator-flow.spec.ts" time="0">
<skipped>
</skipped>
</testcase>
<testcase name="Video Creator Stream Workflow › Quality selector shows all available layers" classname="streaming/video-creator-flow.spec.ts" time="0">
<skipped>
</skipped>
</testcase>
<testcase name="Video Creator Stream Workflow › WebRTC connection establishes successfully" classname="streaming/video-creator-flow.spec.ts" time="0">
<skipped>
</skipped>
</testcase>
<testcase name="Video Creator Stream Workflow › Test data cleanup after stream end" classname="streaming/video-creator-flow.spec.ts" time="0">
<skipped>
</skipped>
</testcase>
<testcase name="Video Creator Stream Error Handling › Handles stream creation failure gracefully" classname="streaming/video-creator-flow.spec.ts" time="0">
<skipped>
</skipped>
</testcase>
<testcase name="Video Creator Stream Error Handling › Handles WebRTC connection failure" classname="streaming/video-creator-flow.spec.ts" time="0">
<skipped>
</skipped>
</testcase>
<testcase name="Video Creator Stream Error Handling › Handles reaction API failure without breaking stream" classname="streaming/video-creator-flow.spec.ts" time="0">
<skipped>
</skipped>
</testcase>
</testsuite>
<testsuite name="streaming/video-creator-flow.spec.ts" timestamp="2025-09-30T10:12:32.532Z" hostname="firefox" tests="11" failures="0" skipped="11" time="0" errors="0">
<testcase name="Video Creator Stream Workflow › Complete video creator instant stream flow" classname="streaming/video-creator-flow.spec.ts" time="0">
<skipped>
</skipped>
</testcase>
<testcase name="Video Creator Stream Workflow › Stream status transitions correctly" classname="streaming/video-creator-flow.spec.ts" time="0">
<skipped>
</skipped>
</testcase>
<testcase name="Video Creator Stream Workflow › Reactions appear within 500ms of sending" classname="streaming/video-creator-flow.spec.ts" time="0">
<skipped>
</skipped>
</testcase>
<testcase name="Video Creator Stream Workflow › Analytics calculation is accurate" classname="streaming/video-creator-flow.spec.ts" time="0">
<skipped>
</skipped>
</testcase>
<testcase name="Video Creator Stream Workflow › Recording expires after 30 days" classname="streaming/video-creator-flow.spec.ts" time="0">
<skipped>
</skipped>
</testcase>
<testcase name="Video Creator Stream Workflow › Quality selector shows all available layers" classname="streaming/video-creator-flow.spec.ts" time="0">
<skipped>
</skipped>
</testcase>
<testcase name="Video Creator Stream Workflow › WebRTC connection establishes successfully" classname="streaming/video-creator-flow.spec.ts" time="0">
<skipped>
</skipped>
</testcase>
<testcase name="Video Creator Stream Workflow › Test data cleanup after stream end" classname="streaming/video-creator-flow.spec.ts" time="0">
<skipped>
</skipped>
</testcase>
<testcase name="Video Creator Stream Error Handling › Handles stream creation failure gracefully" classname="streaming/video-creator-flow.spec.ts" time="0">
<skipped>
</skipped>
</testcase>
<testcase name="Video Creator Stream Error Handling › Handles WebRTC connection failure" classname="streaming/video-creator-flow.spec.ts" time="0">
<skipped>
</skipped>
</testcase>
<testcase name="Video Creator Stream Error Handling › Handles reaction API failure without breaking stream" classname="streaming/video-creator-flow.spec.ts" time="0">
<skipped>
</skipped>
</testcase>
</testsuite>
<testsuite name="streaming/video-creator-flow.spec.ts" timestamp="2025-09-30T10:12:32.532Z" hostname="webkit" tests="11" failures="0" skipped="11" time="0" errors="0">
<testcase name="Video Creator Stream Workflow › Complete video creator instant stream flow" classname="streaming/video-creator-flow.spec.ts" time="0">
<skipped>
</skipped>
</testcase>
<testcase name="Video Creator Stream Workflow › Stream status transitions correctly" classname="streaming/video-creator-flow.spec.ts" time="0">
<skipped>
</skipped>
</testcase>
<testcase name="Video Creator Stream Workflow › Reactions appear within 500ms of sending" classname="streaming/video-creator-flow.spec.ts" time="0">
<skipped>
</skipped>
</testcase>
<testcase name="Video Creator Stream Workflow › Analytics calculation is accurate" classname="streaming/video-creator-flow.spec.ts" time="0">
<skipped>
</skipped>
</testcase>
<testcase name="Video Creator Stream Workflow › Recording expires after 30 days" classname="streaming/video-creator-flow.spec.ts" time="0">
<skipped>
</skipped>
</testcase>
<testcase name="Video Creator Stream Workflow › Quality selector shows all available layers" classname="streaming/video-creator-flow.spec.ts" time="0">
<skipped>
</skipped>
</testcase>
<testcase name="Video Creator Stream Workflow › WebRTC connection establishes successfully" classname="streaming/video-creator-flow.spec.ts" time="0">
<skipped>
</skipped>
</testcase>
<testcase name="Video Creator Stream Workflow › Test data cleanup after stream end" classname="streaming/video-creator-flow.spec.ts" time="0">
<skipped>
</skipped>
</testcase>
<testcase name="Video Creator Stream Error Handling › Handles stream creation failure gracefully" classname="streaming/video-creator-flow.spec.ts" time="0">
<skipped>
</skipped>
</testcase>
<testcase name="Video Creator Stream Error Handling › Handles WebRTC connection failure" classname="streaming/video-creator-flow.spec.ts" time="0">
<skipped>
</skipped>
</testcase>
<testcase name="Video Creator Stream Error Handling › Handles reaction API failure without breaking stream" classname="streaming/video-creator-flow.spec.ts" time="0">
<skipped>
</skipped>
</testcase>
</testsuite>
<testsuite name="streaming/video-creator-flow.spec.ts" timestamp="2025-09-30T10:12:32.532Z" hostname="Mobile Chrome" tests="11" failures="0" skipped="11" time="0" errors="0">
<testcase name="Video Creator Stream Workflow › Complete video creator instant stream flow" classname="streaming/video-creator-flow.spec.ts" time="0">
<skipped>
</skipped>
</testcase>
<testcase name="Video Creator Stream Workflow › Stream status transitions correctly" classname="streaming/video-creator-flow.spec.ts" time="0">
<skipped>
</skipped>
</testcase>
<testcase name="Video Creator Stream Workflow › Reactions appear within 500ms of sending" classname="streaming/video-creator-flow.spec.ts" time="0">
<skipped>
</skipped>
</testcase>
<testcase name="Video Creator Stream Workflow › Analytics calculation is accurate" classname="streaming/video-creator-flow.spec.ts" time="0">
<skipped>
</skipped>
</testcase>
<testcase name="Video Creator Stream Workflow › Recording expires after 30 days" classname="streaming/video-creator-flow.spec.ts" time="0">
<skipped>
</skipped>
</testcase>
<testcase name="Video Creator Stream Workflow › Quality selector shows all available layers" classname="streaming/video-creator-flow.spec.ts" time="0">
<skipped>
</skipped>
</testcase>
<testcase name="Video Creator Stream Workflow › WebRTC connection establishes successfully" classname="streaming/video-creator-flow.spec.ts" time="0">
<skipped>
</skipped>
</testcase>
<testcase name="Video Creator Stream Workflow › Test data cleanup after stream end" classname="streaming/video-creator-flow.spec.ts" time="0">
<skipped>
</skipped>
</testcase>
<testcase name="Video Creator Stream Error Handling › Handles stream creation failure gracefully" classname="streaming/video-creator-flow.spec.ts" time="0">
<skipped>
</skipped>
</testcase>
<testcase name="Video Creator Stream Error Handling › Handles WebRTC connection failure" classname="streaming/video-creator-flow.spec.ts" time="0">
<skipped>
</skipped>
</testcase>
<testcase name="Video Creator Stream Error Handling › Handles reaction API failure without breaking stream" classname="streaming/video-creator-flow.spec.ts" time="0">
<skipped>
</skipped>
</testcase>
</testsuite>
<testsuite name="streaming/video-creator-flow.spec.ts" timestamp="2025-09-30T10:12:32.532Z" hostname="Mobile Safari" tests="11" failures="0" skipped="11" time="0" errors="0">
<testcase name="Video Creator Stream Workflow › Complete video creator instant stream flow" classname="streaming/video-creator-flow.spec.ts" time="0">
<skipped>
</skipped>
</testcase>
<testcase name="Video Creator Stream Workflow › Stream status transitions correctly" classname="streaming/video-creator-flow.spec.ts" time="0">
<skipped>
</skipped>
</testcase>
<testcase name="Video Creator Stream Workflow › Reactions appear within 500ms of sending" classname="streaming/video-creator-flow.spec.ts" time="0">
<skipped>
</skipped>
</testcase>
<testcase name="Video Creator Stream Workflow › Analytics calculation is accurate" classname="streaming/video-creator-flow.spec.ts" time="0">
<skipped>
</skipped>
</testcase>
<testcase name="Video Creator Stream Workflow › Recording expires after 30 days" classname="streaming/video-creator-flow.spec.ts" time="0">
<skipped>
</skipped>
</testcase>
<testcase name="Video Creator Stream Workflow › Quality selector shows all available layers" classname="streaming/video-creator-flow.spec.ts" time="0">
<skipped>
</skipped>
</testcase>
<testcase name="Video Creator Stream Workflow › WebRTC connection establishes successfully" classname="streaming/video-creator-flow.spec.ts" time="0">
<skipped>
</skipped>
</testcase>
<testcase name="Video Creator Stream Workflow › Test data cleanup after stream end" classname="streaming/video-creator-flow.spec.ts" time="0">
<skipped>
</skipped>
</testcase>
<testcase name="Video Creator Stream Error Handling › Handles stream creation failure gracefully" classname="streaming/video-creator-flow.spec.ts" time="0">
<skipped>
</skipped>
</testcase>
<testcase name="Video Creator Stream Error Handling › Handles WebRTC connection failure" classname="streaming/video-creator-flow.spec.ts" time="0">
<skipped>
</skipped>
</testcase>
<testcase name="Video Creator Stream Error Handling › Handles reaction API failure without breaking stream" classname="streaming/video-creator-flow.spec.ts" time="0">
<skipped>
</skipped>
</testcase>
</testsuite>
<testsuite name="streaming/video-creator-flow.spec.ts" timestamp="2025-09-30T10:12:32.532Z" hostname="Microsoft Edge" tests="11" failures="0" skipped="11" time="0" errors="0">
<testcase name="Video Creator Stream Workflow › Complete video creator instant stream flow" classname="streaming/video-creator-flow.spec.ts" time="0">
<skipped>
</skipped>
</testcase>
<testcase name="Video Creator Stream Workflow › Stream status transitions correctly" classname="streaming/video-creator-flow.spec.ts" time="0">
<skipped>
</skipped>
</testcase>
<testcase name="Video Creator Stream Workflow › Reactions appear within 500ms of sending" classname="streaming/video-creator-flow.spec.ts" time="0">
<skipped>
</skipped>
</testcase>
<testcase name="Video Creator Stream Workflow › Analytics calculation is accurate" classname="streaming/video-creator-flow.spec.ts" time="0">
<skipped>
</skipped>
</testcase>
<testcase name="Video Creator Stream Workflow › Recording expires after 30 days" classname="streaming/video-creator-flow.spec.ts" time="0">
<skipped>
</skipped>
</testcase>
<testcase name="Video Creator Stream Workflow › Quality selector shows all available layers" classname="streaming/video-creator-flow.spec.ts" time="0">
<skipped>
</skipped>
</testcase>
<testcase name="Video Creator Stream Workflow › WebRTC connection establishes successfully" classname="streaming/video-creator-flow.spec.ts" time="0">
<skipped>
</skipped>
</testcase>
<testcase name="Video Creator Stream Workflow › Test data cleanup after stream end" classname="streaming/video-creator-flow.spec.ts" time="0">
<skipped>
</skipped>
</testcase>
<testcase name="Video Creator Stream Error Handling › Handles stream creation failure gracefully" classname="streaming/video-creator-flow.spec.ts" time="0">
<skipped>
</skipped>
</testcase>
<testcase name="Video Creator Stream Error Handling › Handles WebRTC connection failure" classname="streaming/video-creator-flow.spec.ts" time="0">
<skipped>
</skipped>
</testcase>
<testcase name="Video Creator Stream Error Handling › Handles reaction API failure without breaking stream" classname="streaming/video-creator-flow.spec.ts" time="0">
<skipped>
</skipped>
</testcase>
</testsuite>
<testsuite name="streaming/video-creator-flow.spec.ts" timestamp="2025-09-30T10:12:32.532Z" hostname="Google Chrome" tests="11" failures="0" skipped="11" time="0" errors="0">
<testcase name="Video Creator Stream Workflow › Complete video creator instant stream flow" classname="streaming/video-creator-flow.spec.ts" time="0">
<skipped>
</skipped>
</testcase>
<testcase name="Video Creator Stream Workflow › Stream status transitions correctly" classname="streaming/video-creator-flow.spec.ts" time="0">
<skipped>
</skipped>
</testcase>
<testcase name="Video Creator Stream Workflow › Reactions appear within 500ms of sending" classname="streaming/video-creator-flow.spec.ts" time="0">
<skipped>
</skipped>
</testcase>
<testcase name="Video Creator Stream Workflow › Analytics calculation is accurate" classname="streaming/video-creator-flow.spec.ts" time="0">
<skipped>
</skipped>
</testcase>
<testcase name="Video Creator Stream Workflow › Recording expires after 30 days" classname="streaming/video-creator-flow.spec.ts" time="0">
<skipped>
</skipped>
</testcase>
<testcase name="Video Creator Stream Workflow › Quality selector shows all available layers" classname="streaming/video-creator-flow.spec.ts" time="0">
<skipped>
</skipped>
</testcase>
<testcase name="Video Creator Stream Workflow › WebRTC connection establishes successfully" classname="streaming/video-creator-flow.spec.ts" time="0">
<skipped>
</skipped>
</testcase>
<testcase name="Video Creator Stream Workflow › Test data cleanup after stream end" classname="streaming/video-creator-flow.spec.ts" time="0">
<skipped>
</skipped>
</testcase>
<testcase name="Video Creator Stream Error Handling › Handles stream creation failure gracefully" classname="streaming/video-creator-flow.spec.ts" time="0">
<skipped>
</skipped>
</testcase>
<testcase name="Video Creator Stream Error Handling › Handles WebRTC connection failure" classname="streaming/video-creator-flow.spec.ts" time="0">
<skipped>
</skipped>
</testcase>
<testcase name="Video Creator Stream Error Handling › Handles reaction API failure without breaking stream" classname="streaming/video-creator-flow.spec.ts" time="0">
<skipped>
</skipped>
</testcase>
</testsuite>
</testsuites>